<?xml version="1.0" encoding="UTF-8"?>
<robot generator="Robot 3.2.1 (Python 3.8.3 on win32)" generated="20200922 09:40:02.692" rpa="false">
<suite id="s1" name="Login" source="C:\development\robot-scripts\git-demo\LoginTest\login.robot">
<test id="s1-t1" name="Login Test, Happy Flow, Contain Text Welcome">
<kw name="Given User opens testing page" library="login_Implementation">
<kw name="Open Browser" library="SeleniumLibrary">
<doc>Opens a new browser instance to the optional ``url``.</doc>
<arguments>
<arg>${url}</arg>
<arg>${browser}</arg>
</arguments>
<msg timestamp="20200922 09:40:02.979" level="INFO">Opening browser 'chrome' to base url 'http://testing-ground.scraping.pro/login'.</msg>
<status status="PASS" starttime="20200922 09:40:02.979" endtime="20200922 09:40:08.922"></status>
</kw>
<kw name="Maximize Browser Window" library="SeleniumLibrary">
<doc>Maximizes current browser window.</doc>
<status status="PASS" starttime="20200922 09:40:08.922" endtime="20200922 09:40:11.054"></status>
</kw>
<status status="PASS" starttime="20200922 09:40:02.979" endtime="20200922 09:40:11.055"></status>
</kw>
<kw name="And User enters username" library="login_Implementation">
<kw name="Input Text" library="SeleniumLibrary">
<doc>Types the given ``text`` into the text field identified by ``locator``.</doc>
<arguments>
<arg>//*[@id="usr"]</arg>
<arg>${username}</arg>
</arguments>
<msg timestamp="20200922 09:40:11.056" level="INFO">Typing text 'admin' into text field '//*[@id="usr"]'.</msg>
<status status="PASS" starttime="20200922 09:40:11.056" endtime="20200922 09:40:11.152"></status>
</kw>
<status status="PASS" starttime="20200922 09:40:11.056" endtime="20200922 09:40:11.152"></status>
</kw>
<kw name="And User enters password" library="login_Implementation">
<kw name="Input Text" library="SeleniumLibrary">
<doc>Types the given ``text`` into the text field identified by ``locator``.</doc>
<arguments>
<arg>//*[@id="pwd"]</arg>
<arg>${password}</arg>
</arguments>
<msg timestamp="20200922 09:40:11.153" level="INFO">Typing text '12345' into text field '//*[@id="pwd"]'.</msg>
<status status="PASS" starttime="20200922 09:40:11.153" endtime="20200922 09:40:11.230"></status>
</kw>
<status status="PASS" starttime="20200922 09:40:11.152" endtime="20200922 09:40:11.230"></status>
</kw>
<kw name="When User tries to login" library="login_Implementation">
<kw name="Click Button" library="SeleniumLibrary">
<doc>Clicks the button identified by ``locator``.</doc>
<arguments>
<arg>//*[@id="case_login"]/form/input[3]</arg>
</arguments>
<msg timestamp="20200922 09:40:11.231" level="INFO">Clicking button '//*[@id="case_login"]/form/input[3]'.</msg>
<status status="PASS" starttime="20200922 09:40:11.230" endtime="20200922 09:40:11.690"></status>
</kw>
<status status="PASS" starttime="20200922 09:40:11.230" endtime="20200922 09:40:11.690"></status>
</kw>
<kw name="Then Welcome page should be opened with text WELCOME" library="login_Implementation">
<kw name="Wait Until Page Contains Element" library="SeleniumLibrary">
<doc>Waits until the element ``locator`` appears on the current page.</doc>
<arguments>
<arg>//*[@id="case_login"]/h3</arg>
</arguments>
<status status="PASS" starttime="20200922 09:40:11.691" endtime="20200922 09:40:11.704"></status>
</kw>
<kw name="Get Text" library="SeleniumLibrary">
<doc>Returns the text value of the element identified by ``locator``.</doc>
<arguments>
<arg>//*[@id="case_login"]/h3</arg>
</arguments>
<assign>
<var>${text}</var>
</assign>
<msg timestamp="20200922 09:40:11.722" level="INFO">${text} = WELCOME :)</msg>
<status status="PASS" starttime="20200922 09:40:11.704" endtime="20200922 09:40:11.723"></status>
</kw>
<kw name="Log Many" library="BuiltIn">
<doc>Logs the given messages as separate entries using the INFO level.</doc>
<arguments>
<arg>${text}</arg>
</arguments>
<msg timestamp="20200922 09:40:11.723" level="INFO">WELCOME :)</msg>
<status status="PASS" starttime="20200922 09:40:11.723" endtime="20200922 09:40:11.723"></status>
</kw>
<kw name="Should Be Equal As Strings" library="BuiltIn">
<doc>Fails if objects are unequal after converting them to strings.</doc>
<arguments>
<arg>${text}</arg>
<arg>WELCOME :)</arg>
</arguments>
<status status="PASS" starttime="20200922 09:40:11.723" endtime="20200922 09:40:11.723"></status>
</kw>
<status status="PASS" starttime="20200922 09:40:11.691" endtime="20200922 09:40:11.723"></status>
</kw>
<kw name="And User logs out" library="login_Implementation">
<kw name="Click Link" library="SeleniumLibrary">
<doc>Clicks a link identified by ``locator``.</doc>
<arguments>
<arg>//*[@id="case_login"]/a</arg>
</arguments>
<msg timestamp="20200922 09:40:11.724" level="INFO">Clicking link '//*[@id="case_login"]/a'.</msg>
<status status="PASS" starttime="20200922 09:40:11.724" endtime="20200922 09:40:11.990"></status>
</kw>
<kw name="Wait Until Page Contains Element" library="SeleniumLibrary">
<doc>Waits until the element ``locator`` appears on the current page.</doc>
<arguments>
<arg>//*[@id="case_login"]/h3</arg>
</arguments>
<status status="PASS" starttime="20200922 09:40:11.990" endtime="20200922 09:40:11.999"></status>
</kw>
<kw name="Get Text" library="SeleniumLibrary">
<doc>Returns the text value of the element identified by ``locator``.</doc>
<arguments>
<arg>//*[@id="case_login"]/h3</arg>
</arguments>
<assign>
<var>${text}</var>
</assign>
<msg timestamp="20200922 09:40:12.020" level="INFO">${text} = Please, login:</msg>
<status status="PASS" starttime="20200922 09:40:12.000" endtime="20200922 09:40:12.020"></status>
</kw>
<kw name="Log Many" library="BuiltIn">
<doc>Logs the given messages as separate entries using the INFO level.</doc>
<arguments>
<arg>${text}</arg>
</arguments>
<msg timestamp="20200922 09:40:12.020" level="INFO">Please, login:</msg>
<status status="PASS" starttime="20200922 09:40:12.020" endtime="20200922 09:40:12.020"></status>
</kw>
<kw name="Should Be Equal As Strings" library="BuiltIn">
<doc>Fails if objects are unequal after converting them to strings.</doc>
<arguments>
<arg>${text}</arg>
<arg>Please, login:</arg>
</arguments>
<status status="PASS" starttime="20200922 09:40:12.021" endtime="20200922 09:40:12.021"></status>
</kw>
<kw name="Close Browser" library="SeleniumLibrary">
<doc>Closes the current browser.</doc>
<status status="PASS" starttime="20200922 09:40:12.021" endtime="20200922 09:40:14.162"></status>
</kw>
<status status="PASS" starttime="20200922 09:40:11.724" endtime="20200922 09:40:14.162"></status>
</kw>
<tags>
<tag>login</tag>
</tags>
<status status="PASS" starttime="20200922 09:40:02.978" endtime="20200922 09:40:14.166" critical="yes"></status>
</test>
<doc>Test cases for login</doc>
<status status="PASS" starttime="20200922 09:40:02.693" endtime="20200922 09:40:14.170"></status>
</suite>
<statistics>
<total>
<stat pass="1" fail="0">Critical Tests</stat>
<stat pass="1" fail="0">All Tests</stat>
</total>
<tag>
<stat pass="1" fail="0">login</stat>
</tag>
<suite>
<stat pass="1" fail="0" id="s1" name="Login">Login</stat>
</suite>
</statistics>
<errors>
</errors>
</robot>
